<?xml version="1.0" encoding="UTF-8"?>
<!-- Generated by org.testng.reporters.JUnitXMLReporter -->
<testsuite ignored="0" hostname="DESKTOP-QAIDOER" failures="0" tests="5" name="TestNGProject" time="0.067" errors="0" timestamp="2023-05-08T08:40:18 MSK">
  <testcase classname="com.automation.testcases.ExamplePriorityAndDependencyTest" name="test1" time="0.007"/>
  <testcase classname="com.automation.testcases.ExamplePriorityAndDependencyTest" name="test2" time="0.001"/>
  <testcase classname="com.automation.testcases.ExamplePriorityAndDependencyTest" name="test3" time="0.001"/>
  <testcase classname="com.automation.testcases.ExamplePriorityAndDependencyTest" name="test4" time="0.0"/>
  <testcase classname="com.automation.testcases.ExamplePriorityAndDependencyTest" name="test5" time="0.001"/>
</testsuite> <!-- TestNGProject -->
