<?xml version="1.0" encoding="UTF-8"?>
<!-- Generated by org.testng.reporters.JUnitXMLReporter -->
<testsuite ignored="0" hostname="DESKTOP-QAIDOER" failures="0" tests="2" name="TestNGProject" time="0.067" errors="0" timestamp="2023-05-08T09:09:40 MSK">
  <testcase classname="com.automation.testcases.SoftAssertHardAssert" name="testHardAssert" time="0.009"/>
  <testcase classname="com.automation.testcases.SoftAssertHardAssert" name="testSoftAssert" time="0.0"/>
</testsuite> <!-- TestNGProject -->
